<?xml version="1.0" encoding="UTF-8"?>
<!-- Generated by org.testng.reporters.JUnitReportReporter -->
<testsuite hostname="DESKTOP-7QAV7JE" failures="0" tests="6" name="DataProvider.Data" time="0.039" errors="0" timestamp="2025-11-05T19:15:27 IST" skipped="0">
  <testcase classname="DataProvider.Data" name="loginTest" time="0.018"/>
  <testcase classname="DataProvider.Data" name="loginTest" time="0.003"/>
  <testcase classname="DataProvider.Data" name="loginTest" time="0.003"/>
  <testcase classname="DataProvider.Data" name="loginTest" time="0.008"/>
  <testcase classname="DataProvider.Data" name="loginTest" time="0.004"/>
  <testcase classname="DataProvider.Data" name="loginTest" time="0.003"/>
</testsuite> <!-- DataProvider.Data -->
