<?xml version="1.0" encoding="UTF-8"?>
<testng-results ignored="0" total="2" passed="2" failed="0" skipped="0">
  <reporter-output>
  </reporter-output>
  <suite started-at="2025-11-10T21:58:57 IST" name="Default suite" finished-at="2025-11-10T21:59:18 IST" duration-ms="20876">
    <groups>
    </groups>
    <test started-at="2025-11-10T21:58:57 IST" name="Default test" finished-at="2025-11-10T21:59:18 IST" duration-ms="20876">
      <class name="demoProject.iframe">
        <test-method signature="statrup()[pri:0, instance:demoProject.iframe@765d7657]" started-at="2025-11-10T21:58:58 IST" name="statrup" finished-at="2025-11-10T21:59:13 IST" duration-ms="15185" status="PASS">
          <reporter-output>
          </reporter-output>
        </test-method> <!-- statrup -->
        <test-method signature="windup()[pri:0, instance:demoProject.iframe@765d7657]" started-at="2025-11-10T21:59:13 IST" name="windup" finished-at="2025-11-10T21:59:18 IST" duration-ms="5549" status="PASS">
          <reporter-output>
          </reporter-output>
        </test-method> <!-- windup -->
      </class> <!-- demoProject.iframe -->
    </test> <!-- Default test -->
  </suite> <!-- Default suite -->
</testng-results>
