<?xml version="1.0" encoding="UTF-8"?>
<!-- Generated by org.testng.reporters.JUnitReportReporter -->
<testsuite hostname="DESKTOP-7QAV7JE" failures="0" tests="2" name="TestNGData.Provider.TestNGDataProvider" time="67.250" errors="0" timestamp="2025-11-04T15:03:04 IST" skipped="0">
  <testcase classname="TestNGData.Provider.TestNGDataProvider" name="giveinput" time="30.026"/>
  <testcase classname="TestNGData.Provider.TestNGDataProvider" name="giveinput" time="37.224"/>
</testsuite> <!-- TestNGData.Provider.TestNGDataProvider -->
