<?xml version="1.0" encoding="UTF-8"?>
<testng-results ignored="0" total="2" passed="2" failed="0" skipped="0">
  <reporter-output>
  </reporter-output>
  <suite started-at="2025-11-04T15:01:56 IST" name="Default suite" finished-at="2025-11-04T15:03:03 IST" duration-ms="67574">
    <groups>
    </groups>
    <test started-at="2025-11-04T15:01:56 IST" name="Default test" finished-at="2025-11-04T15:03:03 IST" duration-ms="67574">
      <class name="TestNGData.Provider.TestNGDataProvider">
        <test-method is-config="true" signature="startup()[pri:0, instance:TestNGData.Provider.TestNGDataProvider@2d1ef81a]" started-at="2025-11-04T15:01:56 IST" name="startup" finished-at="2025-11-04T15:02:16 IST" duration-ms="20211" status="PASS">
          <reporter-output>
          </reporter-output>
        </test-method> <!-- startup -->
        <test-method signature="giveinput(java.lang.String)[pri:0, instance:TestNGData.Provider.TestNGDataProvider@2d1ef81a]" started-at="2025-11-04T15:02:16 IST" name="giveinput" data-provider="data" finished-at="2025-11-04T15:02:26 IST" duration-ms="10455" status="PASS">
          <params>
            <param index="0">
              <value>
                <![CDATA[Samsung Mobiles]]>
              </value>
            </param>
          </params>
          <reporter-output>
          </reporter-output>
        </test-method> <!-- giveinput -->
        <test-method is-config="true" signature="windup()[pri:0, instance:TestNGData.Provider.TestNGDataProvider@2d1ef81a]" started-at="2025-11-04T15:02:27 IST" name="windup" finished-at="2025-11-04T15:02:33 IST" duration-ms="6048" status="PASS">
          <reporter-output>
          </reporter-output>
        </test-method> <!-- windup -->
        <test-method is-config="true" signature="startup()[pri:0, instance:TestNGData.Provider.TestNGDataProvider@2d1ef81a]" started-at="2025-11-04T15:02:33 IST" name="startup" finished-at="2025-11-04T15:02:46 IST" duration-ms="13678" status="PASS">
          <reporter-output>
          </reporter-output>
        </test-method> <!-- startup -->
        <test-method signature="giveinput(java.lang.String)[pri:0, instance:TestNGData.Provider.TestNGDataProvider@2d1ef81a]" started-at="2025-11-04T15:02:46 IST" name="giveinput" data-provider="data" finished-at="2025-11-04T15:02:57 IST" duration-ms="10965" status="PASS">
          <params>
            <param index="0">
              <value>
                <![CDATA[Realmi Mobiles]]>
              </value>
            </param>
          </params>
          <reporter-output>
          </reporter-output>
        </test-method> <!-- giveinput -->
        <test-method is-config="true" signature="windup()[pri:0, instance:TestNGData.Provider.TestNGDataProvider@2d1ef81a]" started-at="2025-11-04T15:02:57 IST" name="windup" finished-at="2025-11-04T15:03:03 IST" duration-ms="5893" status="PASS">
          <reporter-output>
          </reporter-output>
        </test-method> <!-- windup -->
      </class> <!-- TestNGData.Provider.TestNGDataProvider -->
    </test> <!-- Default test -->
  </suite> <!-- Default suite -->
</testng-results>
