<?xml version="1.0" encoding="UTF-8"?>
<testng-results ignored="0" total="6" passed="6" failed="0" skipped="0">
  <reporter-output>
  </reporter-output>
  <suite started-at="2025-11-05T19:15:24 IST" name="Default suite" finished-at="2025-11-05T19:15:26 IST" duration-ms="2292">
    <groups>
    </groups>
    <test started-at="2025-11-05T19:15:24 IST" name="Default test" finished-at="2025-11-05T19:15:26 IST" duration-ms="2292">
      <class name="DataProvider.Data">
        <test-method signature="loginTest(java.lang.String,java.lang.String)[pri:0, instance:DataProvider.Data@43bc63a3]" started-at="2025-11-05T19:15:26 IST" name="loginTest" data-provider="CredentialsSupplier" finished-at="2025-11-05T19:15:26 IST" duration-ms="18" status="PASS">
          <params>
            <param index="0">
              <value>
                <![CDATA[ admin@test.com]]>
              </value>
            </param>
            <param index="1">
              <value>
                <![CDATA[admin123]]>
              </value>
            </param>
          </params>
          <reporter-output>
          </reporter-output>
        </test-method> <!-- loginTest -->
        <test-method signature="loginTest(java.lang.String,java.lang.String)[pri:0, instance:DataProvider.Data@43bc63a3]" started-at="2025-11-05T19:15:26 IST" name="loginTest" data-provider="CredentialsSupplier" finished-at="2025-11-05T19:15:26 IST" duration-ms="8" status="PASS">
          <params>
            <param index="0">
              <value>
                <![CDATA[ admin1@test.com]]>
              </value>
            </param>
            <param index="1">
              <value>
                <![CDATA[admin1234]]>
              </value>
            </param>
          </params>
          <reporter-output>
          </reporter-output>
        </test-method> <!-- loginTest -->
        <test-method signature="loginTest(java.lang.String,java.lang.String)[pri:0, instance:DataProvider.Data@43bc63a3]" started-at="2025-11-05T19:15:26 IST" name="loginTest" data-provider="CredentialsSupplier" finished-at="2025-11-05T19:15:26 IST" duration-ms="3" status="PASS">
          <params>
            <param index="0">
              <value>
                <![CDATA[ admin2@test.com]]>
              </value>
            </param>
            <param index="1">
              <value>
                <![CDATA[admin12345]]>
              </value>
            </param>
          </params>
          <reporter-output>
          </reporter-output>
        </test-method> <!-- loginTest -->
        <test-method signature="loginTest(java.lang.String,java.lang.String)[pri:0, instance:DataProvider.Data@43bc63a3]" started-at="2025-11-05T19:15:26 IST" name="loginTest" data-provider="CredentialsSupplier" finished-at="2025-11-05T19:15:26 IST" duration-ms="4" status="PASS">
          <params>
            <param index="0">
              <value>
                <![CDATA[ admin@test.com]]>
              </value>
            </param>
            <param index="1">
              <value>
                <![CDATA[admin123]]>
              </value>
            </param>
          </params>
          <reporter-output>
          </reporter-output>
        </test-method> <!-- loginTest -->
        <test-method signature="loginTest(java.lang.String,java.lang.String)[pri:0, instance:DataProvider.Data@43bc63a3]" started-at="2025-11-05T19:15:26 IST" name="loginTest" data-provider="CredentialsSupplier" finished-at="2025-11-05T19:15:26 IST" duration-ms="3" status="PASS">
          <params>
            <param index="0">
              <value>
                <![CDATA[ admin1@test.com]]>
              </value>
            </param>
            <param index="1">
              <value>
                <![CDATA[admin1234]]>
              </value>
            </param>
          </params>
          <reporter-output>
          </reporter-output>
        </test-method> <!-- loginTest -->
        <test-method signature="loginTest(java.lang.String,java.lang.String)[pri:0, instance:DataProvider.Data@43bc63a3]" started-at="2025-11-05T19:15:26 IST" name="loginTest" data-provider="CredentialsSupplier" finished-at="2025-11-05T19:15:26 IST" duration-ms="3" status="PASS">
          <params>
            <param index="0">
              <value>
                <![CDATA[ admin2@test.com]]>
              </value>
            </param>
            <param index="1">
              <value>
                <![CDATA[admin12345]]>
              </value>
            </param>
          </params>
          <reporter-output>
          </reporter-output>
        </test-method> <!-- loginTest -->
      </class> <!-- DataProvider.Data -->
    </test> <!-- Default test -->
  </suite> <!-- Default suite -->
</testng-results>
