<?xml version="1.0" encoding="UTF-8"?>
<!-- Generated by org.testng.reporters.JUnitXMLReporter -->
<testsuite ignored="0" hostname="DESKTOP-7QAV7JE" failures="0" tests="3" name="Test" time="2.365" errors="0" timestamp="2025-11-05T19:13:08 IST">
  <testcase classname="DataProvider.Data" name="loginTest" time="0.021"/>
  <testcase classname="DataProvider.Data" name="loginTest" time="0.006"/>
  <testcase classname="DataProvider.Data" name="loginTest" time="0.004"/>
</testsuite> <!-- Test -->
