<?xml version="1.0" encoding="UTF-8"?>
<!-- Generated by org.testng.reporters.JUnitXMLReporter -->
<testsuite ignored="0" hostname="DESKTOP-L8JUSOP" failures="0" tests="6" name="myTest1" time="0.266" errors="0" timestamp="2025-10-17T10:53:28 IST">
  <testcase classname="myPackage.Program1" name="testcase1" time="0.028"/>
  <testcase classname="myPackage.Program1" name="testcase2" time="0.006"/>
  <testcase classname="myPackage1.Program3" name="testcase5" time="0.005"/>
  <testcase classname="myPackage1.Program3" name="testcase6" time="0.006"/>
  <testcase classname="myPackage.Program2" name="testcase3" time="0.012"/>
  <testcase classname="myPackage.Program2" name="testcase4" time="0.005"/>
</testsuite> <!-- myTest1 -->
