<?xml version="1.0" encoding="UTF-8"?>
<!-- Generated by org.testng.reporters.JUnitReportReporter -->
<testsuite hostname="DESKTOP-L8JUSOP" failures="0" tests="3" name="Project2Package.Testing1" time="0.035" errors="0" timestamp="2025-10-25T16:39:54 IST" skipped="0">
  <testcase classname="Project2Package.Testing1" name="getdatas" time="0.021"/>
  <testcase classname="Project2Package.Testing1" name="getdatas" time="0.006"/>
  <testcase classname="Project2Package.Testing1" name="getdatas" time="0.008"/>
</testsuite> <!-- Project2Package.Testing1 -->
