<?xml version="1.0" encoding="UTF-8"?>
<!-- Generated by org.testng.reporters.JUnitXMLReporter -->
<testsuite ignored="0" hostname="DESKTOP-7QAV7JE" failures="0" tests="6" name="Default test" time="2.292" errors="0" timestamp="2025-11-05T19:15:26 IST">
  <testcase classname="DataProvider.Data" name="loginTest" time="0.018"/>
  <testcase classname="DataProvider.Data" name="loginTest" time="0.008"/>
  <testcase classname="DataProvider.Data" name="loginTest" time="0.003"/>
  <testcase classname="DataProvider.Data" name="loginTest" time="0.004"/>
  <testcase classname="DataProvider.Data" name="loginTest" time="0.003"/>
  <testcase classname="DataProvider.Data" name="loginTest" time="0.003"/>
</testsuite> <!-- Default test -->
